0
-375.0
-256.0
-241.0
-244.0
-162.0
-218.0
-285.0
-255.0
-238.0
-398.0
-217.0
-321.0
-277.0
-312.0
-316.0
-201.0
-188.0
-135.0
-190.0
-292.0
-164.0
-171.0
-397.0
-213.0
-150.0
-508.0
-321.0
-209.0
-205.0
-396.0
-196.0
-186.0
-179.0
-359.0
-158.0
-245.0
-220.0
-319.0
-323.0
-278.0
-252.0
-296.0
-288.0
-256.0
-234.0
-152.0
-220.0
-271.0
-176.0
-296.0
-115.0
-163.0
-228.0
-194.0
-256.0
-341.0
-254.0
-303.0
-223.0
-217.0
-154.0
-199.0
-261.0
-261.0
-175.0
-227.0
-307.0
-212.0
-160.0
-240.0
-164.0
-183.0
-248.0
-216.0
-130.0
-134.0
-125.0
-379.0
-308.0
-471.0
-332.0
-163.0
-246.0
-192.0
-245.0
-145.0
-207.0
-309.0
-300.0
-394.0
-119.0
-248.0
-279.0
-285.0
-142.0
-199.0
-142.0
-266.0
-191.0
-219.0
-308.0
-208.0
-285.0
-262.0
-432.0
-245.0
-161.0
-308.0
-196.0
-232.0
-155.0
-287.0
-203.0
-122.0
-249.0
-163.0
-163.0
-544.0
-220.0
-149.0
-282.0
-211.0
-244.0
-275.0
-154.0
-241.0
-253.0
-145.0
-264.0
-207.0
-213.0
-210.0
-133.0
-311.0
-215.0
-233.0
-219.0
-237.0
-216.0
-128.0
-225.0
-254.0
-167.0
-447.0
-197.0
-216.0
-462.0
-192.0
-292.0
-706.0
-404.0
-318.0
-290.0
-226.0
-528.0
-253.0
-289.0
-190.0
-211.0
-170.0
-274.0
-182.0
-263.0
-194.0
-337.0
-248.0
-230.0
-277.0
-209.0
-366.0
-230.0
-184.0
-197.0
-401.0
-179.0
-258.0
-220.0
-402.0
-229.0
-279.0
-289.0
-121.0
-326.0
-208.0
-196.0
-207.0
-159.0
-152.0
-384.0
-253.0
-206.0
-177.0
-131.0
-332.0
-127.0
-287.0
-241.0
-218.0
-348.0
-275.0
-380.0
-288.0
-301.0
-182.0
-172.0
-168.0
-315.0
-236.0
-277.0
-220.0
-190.0
-163.0
-265.0
-224.0
-250.0
-257.0
-247.0
-211.0
-157.0
-255.0
-244.0
-227.0
-142.0
-209.0
-196.0
-197.0
-189.0
-175.0
-166.0
-181.0
-174.0
-140.0
-264.0
-202.0
-260.0
-176.0
-228.0
-239.0
-269.0
-140.0
-196.0
-269.0
-243.0
-276.0
-217.0
-262.0
-307.0
-181.0
-216.0
-191.0
-226.0
-154.0
-250.0
-304.0
-155.0
-197.0
-159.0
-178.0
-172.0
-181.0
-411.0
-363.0
-141.0
-114.0
-161.0
-123.0
-121.0
-131.0
-176.0
-230.0
-334.0
-121.0
-149.0
-166.0
-173.0
-194.0
-301.0
-249.0
-219.0
-120.0
-314.0
-191.0
-214.0
-373.0
-262.0
-143.0
-131.0
-452.0
-337.0
-130.0
-220.0
-220.0
-275.0
-277.0
-147.0
-234.0
-130.0
-156.0
-123.0
-144.0
-288.0
-133.0
-147.0
-285.0
-171.0
-187.0
-126.0
-237.0
-169.0
-230.0
-116.0
-283.0
-263.0
-236.0
-208.0
-122.0
-460.0
-235.0
-215.0
-168.0
-297.0
-159.0
-253.0
-252.0
-259.0
-179.0
-219.0
-288.0
-140.0
-195.0
-241.0
-509.0
-213.0
-152.0
-271.0
-111.0
-167.0
-525.0
-203.0
-176.0
-238.0
-299.0
-280.0
-121.0
-167.0
-290.0
-222.0
-161.0
-316.0
-168.0
-275.0
-231.0
-290.0
-203.0
-213.0
-173.0
-195.0
-380.0
-162.0
-198.0
-137.0
-150.0
-212.0
-254.0
-436.0
-110.0
-177.0
-221.0
-283.0
-202.0
-128.0
-277.0
-133.0
-123.0
-126.0
-553.0
-232.0
-275.0
-234.0
-250.0
-179.0
-413.0
-212.0
-303.0
-447.0
-282.0
-193.0
-165.0
-260.0
-232.0
-131.0
-216.0
-346.0
-286.0
-355.0
-199.0
-151.0
-175.0
-267.0
-143.0
-172.0
-674.0
-164.0
-173.0
-312.0
-180.0
-196.0
-301.0
-152.0
-222.0
-239.0
-145.0
-142.0
-180.0
-202.0
-121.0
-126.0
-355.0
-168.0
-522.0
-173.0
-204.0
-186.0
-179.0
-130.0
-244.0
-168.0
-176.0
-256.0
-329.0
-285.0
-170.0
-218.0
-186.0
-173.0
-301.0
-194.0
-624.0
-144.0
-180.0
-264.0
-149.0
-260.0
-218.0
-272.0
-221.0
-202.0
-456.0
-615.0
-115.0
-223.0
-384.0
-426.0
-114.0
-557.0
-357.0
-330.0
-319.0
-227.0
-287.0
-244.0
-323.0
-640.0
-446.0
-333.0
-230.0
-790.0
-1130.0
-280.0
-235.0
-203.0
-196.0
-492.0
-393.0
-218.0
-393.0
-268.0
-407.0
-347.0
-222.0
-331.0
-305.0
-166.0
-168.0
-194.0
-254.0
-600.0
-286.0
-881.0
-272.0
-154.0
-241.0
-202.0
-320.0
-301.0
-370.0
-184.0
-137.0
-214.0
-286.0
-292.0
-219.0
-583.0
-240.0
-279.0
-131.0
-263.0
-427.0
-277.0
-194.0
-390.0
-125.0
-113.0
-197.0
-351.0
-416.0
-233.0
-488.0
-355.0
-199.0
-705.0
-150.0
-502.0
-822.0
-250.0
-564.0
-339.0
-643.0
-755.0
-141.0
-335.0
-309.0
-953.0
-193.0
-346.0
-288.0
-263.0
-407.0
-692.0
-171.0
-315.0
-482.0
-239.0
-194.0
-120.0
-207.0
-206.0
-220.0
-535.0
-1047.0
-403.0
-229.0
-179.0
-434.0
-451.0
-534.0
-372.0
-560.0
-180.0
-763.0
-434.0
-205.0
-699.0
-416.0
-417.0
-554.0
-268.0
-208.0
-301.0
-277.0
-485.0
-198.0
-190.0
-207.0
-478.0
-230.0
-248.0
-301.0
-334.0
-783.0
-1258.0
-465.0
-275.0
-245.0
-488.0
-612.0
-756.0
-241.0
-357.0
-335.0
-306.0
-288.0
-188.0
-215.0
-576.0
-512.0
-527.0
-219.0
-198.0
-464.0
-644.0
-661.0
-329.0
-340.0
-1339.0
-523.0
-147.0
-121.0
-679.0
-1195.0
-129.0
-278.0
-437.0
-1240.0
-389.0
-818.0
-249.0
-1210.0
-167.0
-465.0
-298.0
-327.0
-1221.0
-701.0
-458.0
-749.0
-286.0
-377.0
-1419.0
-419.0
-1285.0
-1593.0
-384.0
-1401.0
-734.0
-553.0
-213.0
-256.0
-331.0
-793.0
-578.0
-236.0
-180.0
-793.0
-540.0
-143.0
-620.0
-178.0
-578.0
-477.0
-449.0
-826.0
-365.0
-791.0
-264.0
-230.0
-1190.0
-225.0
-360.0
-383.0
-528.0
-164.0
-1300.0
-196.0
-1024.0
-1186.0
-201.0
-527.0
-989.0
-1008.0
-127.0
-1382.0
-244.0
-476.0
-344.0
-642.0
-112.0
-1061.0
-513.0
-881.0
-673.0
-215.0
-378.0
-801.0
-529.0
-133.0
-356.0
-259.0
-617.0
-1138.0
-114.0
-421.0
-377.0
-371.0
-397.0
-215.0
-315.0
-424.0
-416.0
-1162.0
-156.0
-1109.0
-1243.0
-175.0
-536.0
-590.0
-419.0
-480.0
-747.0
-951.0
-423.0
-1000.0
-814.0
-266.0
-685.0
-282.0
-303.0
-831.0
-1070.0
-988.0
-1016.0
-803.0
-522.0
-619.0
-818.0
-158.0
-219.0
-300.0
-552.0
-225.0
-150.0
-777.0
-734.0
-645.0
-757.0
-529.0
-747.0
-308.0
-837.0
-608.0
-412.0
-398.0
-645.0
-766.0
-971.0
-885.0
-527.0
-217.0
-616.0
-317.0
-763.0
-621.0
-462.0
-193.0
-441.0
-648.0
-239.0
-810.0
-398.0
-580.0
-508.0
-567.0
-682.0
-284.0
-349.0
-229.0
-679.0
-562.0
-375.0
-752.0
-547.0
-576.0
-688.0
-231.0
-503.0
-649.0
-644.0
-489.0
-232.0
-497.0
-409.0
-477.0
-733.0
-559.0
-463.0
-485.0
-191.0
-269.0
-135.0
-659.0
-658.0
-499.0
-359.0
-740.0
-381.0
-616.0
-307.0
-301.0
-472.0
-305.0
-190.0
-305.0
-341.0
-596.0
-471.0
-326.0
-529.0
-678.0
-430.0
-401.0
-560.0
-310.0
-470.0
-501.0
-351.0
-333.0
-707.0
-222.0
-463.0
-279.0
-301.0
-361.0
-302.0
-425.0
-619.0
-400.0
-404.0
-306.0
-441.0
-456.0
-400.0
-254.0
-165.0
-406.0
-264.0
-187.0
-390.0
-305.0
-184.0
-353.0
-255.0
-269.0
-294.0
-333.0
-305.0
-237.0
-271.0
-405.0
-326.0
-266.0
-88.0
-276.0
-206.0
-255.0
-104.0
-170.0
-307.0
-156.0
-210.0
-134.0
-159.0
-133.0
-161.0
-320.0
-189.0
-154.0
-160.0
-183.0
-115.0
-146.0
-188.0
-295.0
-154.0
-104.0
-230.0
-266.0
-119.0
-208.0
-138.0
-176.0
-134.0
-359.0
-248.0
-157.0
-232.0
-338.0
-170.0
-392.0
-288.0
-225.0
-172.0
-121.0
-218.0
-265.0
-169.0
-393.0
-165.0
-222.0
-176.0
-151.0
-258.0
-23.0
-115.0
-67.0
-84.0
-38.0
-197.0
-144.0
-184.0
-159.0
-68.0
-202.0
-165.0
-185.0
-86.0
-166.0
-98.0
-118.0
-99.0
-391.0
-55.0
-225.0
-154.0
-263.0
-96.0
-105.0
-36.0
-129.0
-73.0
-40.0
-26.0
24.0
-7.0
-56.0
-31.0
-23.0
-158.0
-19.0
-49.0
-31.0
-6.0
-71.0
29.0
-32.0
-8.0
29.0
-270.0
89.0
22.0
-121.0
20.0
29.0
57.0
-18.0
-28.0
-161.0
12.0
32.0
-10.0
28.0
55.0
51.0
51.0
26.0
-224.0
-5.0
11.0
103.0
30.0
105.0
-4.0
115.0
80.0
121.0
23.0
51.0
86.0
-8.0
48.0
106.0
74.0
-107.0
72.0
-111.0
-25.0
67.0
89.0
112.0
76.0
73.0
95.0
89.0
83.0
71.0
122.0
84.0
49.0
70.0
103.0
26.0
103.0
103.0
136.0
111.0
129.0
91.0
113.0
93.0
79.0
49.0
81.0
90.0
104.0
102.0
72.0
66.0
33.0
140.0
98.0
137.0
146.0
43.0
57.0
70.0
53.0
117.0
152.0
153.0
82.0
154.0
78.0
121.0
104.0
70.0
88.0
149.0
124.0
56.0
-16.0
124.0
-6.0
22.0
89.0
134.0
106.0
170.0
147.0
23.0
146.0
102.0
70.0
61.0
45.0
65.0
108.0
92.0
130.0
5.0
131.0
50.0
-54.0
81.0
103.0
54.0
123.0
132.0
112.0
27.0
52.0
13.0
81.0
63.0
1.0
118.0
121.0
76.0
20.0
-9.0
-2.0
103.0
1.0
122.0
66.0
157.0
89.0
110.0
-8.0
75.0
95.0
88.0
-37.0
137.0
102.0
-35.0
95.0
141.0
50.0
83.0
60.0
23.0
126.0
128.0
-61.0
89.0
73.0
139.0
102.0
17.0
133.0
112.0
43.0
109.0
93.0
35.0
75.0
139.0
51.0
-26.0
97.0
78.0
81.0
63.0
90.0
93.0
79.0
113.0
86.0
140.0
86.0
123.0
86.0
132.0
51.0
94.0
56.0
-45.0
97.0
120.0
-60.0
33.0
114.0
100.0
110.0
92.0
99.0
58.0
38.0
124.0
107.0
26.0
41.0
-36.0
127.0
83.0
107.0
29.0
142.0
-74.0
95.0
115.0
21.0
109.0
122.0
-15.0
100.0
130.0
96.0
154.0
117.0
123.0
157.0
66.0
134.0
126.0
132.0
151.0
2.0
153.0
98.0
89.0
103.0
90.0
92.0
127.0
111.0
132.0
116.0
142.0
125.0
124.0
109.0
52.0
63.0
132.0
21.0
49.0
108.0
153.0
102.0
127.0
150.0
111.0
124.0
123.0
132.0
76.0
108.0
132.0
64.0
119.0
140.0
123.0
102.0
-19.0
107.0
-5.0
90.0
44.0
124.0
123.0
101.0
175.0
8.0
128.0
131.0
107.0
84.0
111.0
98.0
145.0
77.0
135.0
115.0
102.0
113.0
107.0
139.0
89.0
31.0
127.0
129.0
22.0
35.0
41.0
98.0
112.0
25.0
141.0
108.0
-79.0
82.0
118.0
86.0
135.0
65.0
-2.0
97.0
83.0
94.0
127.0
39.0
141.0
34.0
113.0
106.0
39.0
119.0
143.0
113.0
121.0
75.0
105.0
130.0
109.0
107.0
117.0
126.0
121.0
111.0
-46.0
113.0
87.0
110.0
122.0
112.0
120.0
70.0
145.0
34.0
126.0
79.0
114.0
74.0
141.0
99.0
115.0
105.0
-1.0
133.0
68.0
149.0
97.0
124.0
98.0
99.0
116.0
117.0
113.0
-30.0
62.0
110.0
120.0
100.0
136.0
118.0
137.0
126.0
123.0
120.0
144.0
47.0
100.0
127.0
96.0
135.0
44.0
110.0
44.0
114.0
95.0
121.0
112.0
132.0
112.0
114.0
43.0
25.0
152.0
138.0
132.0
132.0
90.0
107.0
24.0
53.0
123.0
-9.0
136.0
117.0
8.0
6.0
-16.0
46.0
125.0
90.0
18.0
141.0
144.0
24.0
94.0
85.0
85.0
107.0
148.0
13.0
95.0
71.0
-104.0
111.0
96.0
86.0
90.0
79.0
96.0
113.0
122.0
14.0
132.0
131.0
139.0
118.0
57.0
103.0
86.0
-92.0
55.0
72.0
90.0
-95.0
63.0
72.0
-37.0
146.0
-21.0
108.0
120.0
99.0
114.0
104.0
95.0
135.0
99.0
101.0
86.0
133.0
101.0
125.0
76.0
142.0
59.0
101.0
141.0
97.0
17.0
30.0
49.0
48.0
133.0
154.0
92.0
123.0
98.0
117.0
78.0
50.0
117.0
29.0
106.0
91.0
85.0
96.0
91.0
115.0
29.0
25.0
107.0
115.0
85.0
-41.0
140.0
120.0
78.0
82.0
86.0
73.0
135.0
46.0
77.0
109.0
96.0
121.0
93.0
79.0
116.0
127.0
62.0
101.0
101.0
119.0
75.0
66.0
59.0
130.0
93.0
120.0
88.0
79.0
26.0
123.0
108.0
100.0
53.0
119.0
91.0
96.0
61.0
101.0
102.0
129.0
122.0
129.0
6.0
79.0
120.0
105.0
119.0
116.0
86.0
130.0
99.0
31.0
118.0
102.0
106.0
7.0
-48.0
130.0
64.0
81.0
108.0
125.0
114.0
84.0
76.0
89.0
80.0
132.0
123.0
91.0
94.0
111.0
109.0
57.0
106.0
132.0
102.0
56.0
120.0
102.0
-6.0
35.0
93.0
107.0
-22.0
102.0
33.0
74.0
105.0
118.0
77.0
94.0
93.0
88.0
119.0
-22.0
123.0
111.0
-51.0
-67.0
118.0
115.0
-64.0
91.0
126.0
137.0
47.0
115.0
103.0
140.0
114.0
112.0
123.0
131.0
118.0
128.0
-29.0
134.0
13.0
93.0
148.0
114.0
55.0
95.0
148.0
110.0
106.0
149.0
122.0
-77.0
124.0
121.0
133.0
121.0
44.0
121.0
11.0
59.0
93.0
99.0
25.0
138.0
55.0
127.0
109.0
103.0
36.0
44.0
118.0
-50.0
20.0
-64.0
118.0
-45.0
61.0
35.0
95.0
88.0
115.0
96.0
94.0
114.0
140.0
128.0
91.0
-1.0
102.0
-2.0
-91.0
-26.0
1.0
119.0
96.0
64.0
20.0
85.0
12.0
57.0
95.0
102.0
-56.0
121.0
26.0
95.0
95.0
147.0
40.0
10.0
100.0
127.0
101.0
25.0
102.0
99.0
146.0
112.0
97.0
139.0
-4.0
-49.0
102.0
104.0
117.0
105.0
55.0
85.0
61.0
65.0
52.0
107.0
105.0
106.0
91.0
122.0
150.0
117.0
133.0
100.0
108.0
125.0
123.0
115.0
71.0
110.0
65.0
90.0
110.0
64.0
91.0
116.0
116.0
71.0
80.0
29.0
117.0
109.0
121.0
105.0
102.0
34.0
108.0
45.0
128.0
-33.0
102.0
85.0
157.0
93.0
44.0
126.0
117.0
96.0
72.0
105.0
70.0
113.0
90.0
101.0
81.0
93.0
20.0
109.0
72.0
130.0
-21.0
51.0
113.0
84.0
82.0
113.0
142.0
113.0
91.0
120.0
143.0
140.0
91.0
97.0
145.0
112.0
94.0
122.0
93.0
104.0
15.0
123.0
128.0
139.0
126.0
93.0
85.0
166.0
141.0
136.0
120.0
119.0
102.0
128.0
126.0
57.0
144.0
67.0
125.0
106.0
-4.0
124.0
103.0
114.0
99.0
115.0
92.0
140.0
64.0
109.0
51.0
118.0
72.0
117.0
105.0
94.0
126.0
-29.0
119.0
100.0
119.0
154.0
32.0
120.0
117.0
134.0
121.0
107.0
131.0
117.0
119.0
-5.0
157.0
119.0
131.0
129.0
138.0
129.0
117.0
151.0
128.0
89.0
117.0
155.0
100.0
77.0
88.0
101.0
100.0
102.0
108.0
141.0
136.0
96.0
140.0
84.0
69.0
114.0
120.0
106.0
150.0
144.0
106.0
115.0
132.0
122.0
97.0
127.0
112.0
126.0
98.0
83.0
121.0
114.0
99.0
123.0
99.0
112.0
119.0
139.0
102.0
107.0
92.0
136.0
117.0
109.0
128.0
33.0
110.0
97.0
129.0
96.0
149.0
99.0
81.0
160.0
94.0
132.0
142.0
-78.0
125.0
147.0
99.0
116.0
125.0
107.0
65.0
96.0
-10.0
114.0
130.0
119.0
105.0
112.0
111.0
114.0
127.0
99.0
108.0
64.0
157.0
110.0
116.0
117.0
98.0
121.0
157.0
129.0
148.0
111.0
127.0
99.0
55.0
147.0
111.0
129.0
169.0
127.0
106.0
166.0
124.0
133.0
153.0
75.0
156.0
134.0
160.0
133.0
147.0
72.0
91.0
102.0
140.0
47.0
147.0
109.0
114.0
110.0
83.0
191.0
138.0
124.0
129.0
132.0
149.0
135.0
179.0
132.0
156.0
149.0
138.0
144.0
104.0
103.0
125.0
105.0
135.0
104.0
143.0
137.0
149.0
140.0
-10.0
81.0
128.0
112.0
14.0
112.0
92.0
119.0
101.0
89.0
108.0
32.0
123.0
140.0
107.0
127.0
145.0
126.0
130.0
122.0
73.0
100.0
103.0
92.0
117.0
114.0
124.0
86.0
79.0
53.0
148.0
120.0
131.0
124.0
93.0
113.0
140.0
120.0
137.0
116.0
154.0
123.0
133.0
32.0
110.0
103.0
135.0
-35.0
-56.0
107.0
94.0
115.0
104.0
104.0
128.0
103.0
109.0
11.0
92.0
103.0
107.0
108.0
102.0
77.0
105.0
131.0
88.0
87.0
-52.0
73.0
78.0
92.0
108.0
105.0
126.0
39.0
136.0
150.0
76.0
108.0
111.0
105.0
131.0
-49.0
127.0
0.0
99.0
84.0
108.0
130.0
140.0
134.0
91.0
130.0
94.0
132.0
107.0
121.0
103.0
5.0
-45.0
107.0
95.0
118.0
119.0
94.0
85.0
33.0
104.0
107.0
98.0
131.0
116.0
52.0
103.0
121.0
114.0
103.0
77.0
12.0
125.0
101.0
143.0
157.0
102.0
-46.0
128.0
0.0
117.0
123.0
155.0
103.0
96.0
133.0
141.0
149.0
131.0
114.0
117.0
118.0
91.0
112.0
104.0
129.0
149.0
107.0
115.0
117.0
75.0
98.0
96.0
100.0
112.0
108.0
126.0
151.0
85.0
130.0
123.0
89.0
99.0
131.0
88.0
113.0
141.0
17.0
142.0
-38.0
106.0
105.0
131.0
89.0
128.0
141.0
126.0
135.0
102.0
119.0
112.0
129.0
95.0
110.0
130.0
77.0
134.0
125.0
116.0
111.0
116.0
122.0
119.0
121.0
157.0
102.0
126.0
122.0
111.0
97.0
96.0
99.0
82.0
79.0
91.0
110.0
102.0
147.0
100.0
124.0
82.0
52.0
115.0
108.0
122.0
103.0
89.0
114.0
125.0
63.0
133.0
88.0
108.0
129.0
90.0
89.0
62.0
128.0
-15.0
131.0
138.0
127.0
101.0
145.0
99.0
84.0
30.0
115.0
38.0
98.0
114.0
127.0
12.0
116.0
122.0
101.0
42.0
110.0
116.0
108.0
107.0
95.0
129.0
140.0
94.0
141.0
-3.0
85.0
117.0
97.0
145.0
156.0
141.0
140.0
157.0
143.0
85.0
119.0
128.0
129.0
98.0
134.0
144.0
98.0
111.0
115.0
143.0
71.0
52.0
75.0
108.0
118.0
109.0
151.0
187.0
121.0
52.0
46.0
111.0
91.0
92.0
-85.0
119.0
97.0
51.0
16.0
89.0
96.0
111.0
105.0
137.0
23.0
108.0
141.0
118.0
84.0
91.0
108.0
118.0
132.0
132.0
69.0
27.0
81.0
99.0
62.0
90.0
85.0
136.0
114.0
121.0
113.0
87.0
35.0
122.0
128.0
102.0
110.0
117.0
133.0
113.0
99.0
121.0
127.0
116.0
118.0
76.0
118.0
165.0
130.0
146.0
111.0
108.0
80.0
100.0
129.0
85.0
107.0
120.0
58.0
105.0
116.0
130.0
72.0
138.0
133.0
50.0
136.0
123.0
115.0
131.0
112.0
134.0
111.0
120.0
108.0
93.0
134.0
91.0
151.0
133.0
118.0
116.0
113.0
4.0
56.0
156.0
130.0
124.0
116.0
60.0
74.0
129.0
122.0
119.0
62.0
130.0
39.0
135.0
105.0
128.0
97.0
100.0
-80.0
108.0
77.0
123.0
137.0
97.0
13.0
141.0
120.0
-47.0
98.0
131.0
23.0
118.0
