0
-101.0
-101.0
-101.0
-96.0
-96.0
-97.0
-98.0
-95.0
-98.0
-99.0
-97.0
-98.0
-104.0
-93.0
-97.0
-95.0
-103.0
-92.0
-98.0
-96.0
-106.0
-102.0
-101.0
-102.0
-94.0
-92.0
-99.0
-100.0
-98.0
-98.0
-97.0
-99.0
-98.0
-97.0
-99.0
-98.0
-100.0
-99.0
-101.0
-101.0
-102.0
-100.0
-96.0
-97.0
-103.0
-95.0
-101.0
-96.0
-99.0
-100.0
-99.0
-97.0
-96.0
-99.0
-100.0
-100.0
-91.0
-99.0
-98.0
-93.0
-99.0
-100.0
-98.0
-97.0
-100.0
-94.0
-97.0
-102.0
-98.0
-100.0
-101.0
-104.0
-100.0
-97.0
-97.0
-102.0
-93.0
-100.0
-99.0
-96.0
-100.0
-101.0
-103.0
-99.0
-97.0
-95.0
-100.0
-94.0
-101.0
-102.0
-103.0
-99.0
-100.0
-102.0
-101.0
-98.0
-97.0
-93.0
-99.0
-100.0
-96.0
-102.0
-98.0
-101.0
-93.0
-96.0
-97.0
-100.0
-99.0
-93.0
-99.0
-99.0
-95.0
-104.0
-95.0
-101.0
-95.0
-101.0
-101.0
-93.0
-99.0
-100.0
-97.0
-99.0
-102.0
-101.0
-104.0
-93.0
-96.0
-94.0
-99.0
-100.0
-93.0
-99.0
-96.0
-100.0
-104.0
-103.0
-100.0
-95.0
-98.0
-93.0
-98.0
-97.0
-98.0
-99.0
-96.0
-91.0
-100.0
-97.0
-96.0
-96.0
-99.0
-102.0
-96.0
-97.0
-98.0
-90.0
-100.0
-102.0
-94.0
-102.0
-102.0
-100.0
-92.0
-100.0
-98.0
-99.0
-103.0
-99.0
-87.0
-95.0
-102.0
-91.0
-97.0
-102.0
-97.0
-103.0
-98.0
-100.0
-94.0
-99.0
-100.0
-101.0
-99.0
-102.0
-96.0
-102.0
-99.0
-101.0
-100.0
-92.0
-99.0
-98.0
-96.0
-100.0
-99.0
-98.0
-98.0
-97.0
-99.0
-99.0
-96.0
-100.0
-100.0
-100.0
-97.0
-100.0
-96.0
-102.0
-95.0
-101.0
-100.0
-101.0
-99.0
-101.0
-102.0
-101.0
-100.0
-100.0
-101.0
-101.0
-97.0
-97.0
-100.0
-102.0
-102.0
-99.0
-102.0
-98.0
-95.0
-96.0
-100.0
-101.0
-99.0
-100.0
-99.0
-99.0
-97.0
-103.0
-101.0
-95.0
-99.0
-94.0
-98.0
-100.0
-98.0
-99.0
-96.0
-98.0
-99.0
-102.0
-95.0
-95.0
-99.0
-101.0
-100.0
-100.0
-98.0
-101.0
-102.0
-97.0
-102.0
-96.0
-95.0
-99.0
-98.0
-103.0
-103.0
-97.0
-102.0
-97.0
-99.0
-99.0
-98.0
-99.0
-99.0
-101.0
-88.0
-98.0
-96.0
-102.0
-104.0
-94.0
-93.0
-96.0
-100.0
-96.0
-93.0
-100.0
-93.0
-100.0
-99.0
-92.0
-97.0
-100.0
-96.0
-101.0
-101.0
-99.0
-96.0
-99.0
-104.0
-100.0
-92.0
-99.0
-95.0
-104.0
-89.0
-95.0
-98.0
-96.0
-95.0
-100.0
-97.0
-100.0
-96.0
-102.0
-99.0
-98.0
-94.0
-96.0
-100.0
-100.0
-100.0
-99.0
-89.0
-100.0
-99.0
-101.0
-104.0
-97.0
-96.0
-98.0
-99.0
-101.0
-99.0
-99.0
-98.0
-97.0
-97.0
-103.0
-96.0
-97.0
-100.0
-103.0
-94.0
-100.0
-98.0
-102.0
-101.0
-101.0
-98.0
-98.0
-97.0
-95.0
-100.0
-101.0
-96.0
-101.0
-98.0
-97.0
-106.0
-95.0
-93.0
-99.0
-99.0
-100.0
-101.0
-90.0
-103.0
-99.0
-97.0
-97.0
-96.0
-98.0
-95.0
-98.0
-98.0
-96.0
-92.0
-101.0
-99.0
-101.0
-90.0
-96.0
-98.0
-104.0
-96.0
-98.0
-102.0
-102.0
-97.0
-102.0
-102.0
-102.0
-95.0
-101.0
-94.0
-91.0
-98.0
-99.0
-103.0
-98.0
-100.0
-101.0
-100.0
-99.0
-95.0
-94.0
-95.0
-96.0
-100.0
-90.0
-98.0
-103.0
-96.0
-98.0
-91.0
-99.0
-92.0
-96.0
-95.0
-103.0
-94.0
-96.0
-93.0
-96.0
-97.0
-99.0
-101.0
-100.0
-101.0
-93.0
-98.0
-92.0
-99.0
-100.0
-102.0
-98.0
-103.0
-102.0
-97.0
-100.0
-100.0
-103.0
-100.0
-99.0
-99.0
-103.0
-103.0
-97.0
-97.0
-99.0
-94.0
-99.0
-97.0
-100.0
-90.0
-102.0
-101.0
-93.0
-101.0
-101.0
-97.0
-98.0
-101.0
-97.0
-94.0
-101.0
-101.0
-101.0
-96.0
-97.0
-100.0
-102.0
-103.0
-93.0
-101.0
-102.0
-98.0
-100.0
-99.0
-96.0
-99.0
-96.0
-97.0
-101.0
-97.0
-104.0
-98.0
-99.0
-100.0
-97.0
-100.0
-94.0
-96.0
-97.0
-97.0
-98.0
-97.0
-97.0
-103.0
-100.0
-102.0
-98.0
-102.0
-98.0
-95.0
-100.0
-103.0
-99.0
-96.0
-103.0
-100.0
-100.0
-95.0
-104.0
-99.0
-102.0
-101.0
-100.0
-99.0
-100.0
-97.0
-104.0
-87.0
-101.0
-91.0
-101.0
-97.0
-92.0
-99.0
-96.0
-99.0
-103.0
-98.0
-101.0
-93.0
-97.0
-98.0
-93.0
-103.0
-101.0
-101.0
-100.0
-90.0
-99.0
-98.0
-97.0
-101.0
-96.0
-100.0
-101.0
-97.0
-89.0
-99.0
-101.0
-100.0
-103.0
-102.0
-99.0
-102.0
-95.0
-95.0
-97.0
-101.0
-103.0
-97.0
-96.0
-101.0
-99.0
-99.0
-98.0
-98.0
-101.0
-99.0
-101.0
-97.0
-99.0
-104.0
-100.0
-99.0
-102.0
-98.0
-102.0
-100.0
-99.0
-104.0
-100.0
-97.0
-98.0
-103.0
-96.0
-100.0
-100.0
-105.0
-103.0
-100.0
-98.0
-103.0
-98.0
-104.0
-103.0
-94.0
-100.0
-99.0
-101.0
-103.0
-102.0
-103.0
-100.0
-102.0
-99.0
-97.0
-100.0
-98.0
-94.0
-104.0
-99.0
-95.0
-98.0
-102.0
-99.0
-100.0
-98.0
-95.0
-94.0
-94.0
-99.0
-102.0
-102.0
-101.0
-99.0
-98.0
-97.0
-100.0
-101.0
-99.0
-97.0
-100.0
-97.0
-103.0
-99.0
-97.0
-98.0
-102.0
-103.0
-98.0
-101.0
-99.0
-101.0
-92.0
-104.0
-91.0
-98.0
-101.0
-101.0
-96.0
-99.0
-99.0
-96.0
-98.0
-97.0
-97.0
-101.0
-97.0
-98.0
-94.0
-101.0
-101.0
-104.0
-89.0
-102.0
-101.0
-102.0
-101.0
-93.0
-94.0
-98.0
-100.0
-103.0
-100.0
-101.0
-100.0
-93.0
-100.0
-103.0
-95.0
-99.0
-103.0
-101.0
-102.0
-102.0
-100.0
-99.0
-101.0
-102.0
-92.0
-92.0
-97.0
-100.0
-99.0
-99.0
-97.0
-106.0
-101.0
-100.0
-101.0
-101.0
-100.0
-102.0
-102.0
-91.0
-100.0
-97.0
-98.0
-104.0
-99.0
-97.0
-97.0
-96.0
-95.0
-97.0
-92.0
-97.0
-101.0
-96.0
-91.0
-99.0
-101.0
-94.0
-99.0
-102.0
-98.0
-96.0
-93.0
-98.0
-101.0
-102.0
-101.0
-101.0
-101.0
-104.0
-101.0
-95.0
-99.0
-96.0
-99.0
-99.0
-94.0
-97.0
-99.0
-100.0
-98.0
-100.0
-98.0
-98.0
-94.0
-103.0
-100.0
-97.0
-93.0
-95.0
-101.0
-100.0
-97.0
-103.0
-93.0
-101.0
-102.0
-102.0
-101.0
-98.0
-97.0
-99.0
-103.0
-94.0
-102.0
-98.0
-101.0
-96.0
-99.0
-98.0
-100.0
-102.0
-91.0
-101.0
-99.0
-103.0
-93.0
-101.0
-95.0
-101.0
-98.0
-97.0
-101.0
-98.0
-98.0
-98.0
-103.0
-100.0
-100.0
-100.0
-99.0
-102.0
-102.0
-95.0
-102.0
-98.0
-99.0
-96.0
-102.0
-101.0
-99.0
-97.0
-98.0
-102.0
-98.0
-101.0
-101.0
-90.0
-91.0
-103.0
-96.0
-97.0
-96.0
-99.0
-96.0
-96.0
-92.0
-93.0
-100.0
-102.0
-98.0
-106.0
-90.0
-94.0
-97.0
-99.0
-101.0
-99.0
-97.0
-102.0
-96.0
-101.0
-102.0
-90.0
-100.0
-104.0
-105.0
-99.0
-97.0
-98.0
-97.0
-103.0
-96.0
-104.0
-101.0
-98.0
-104.0
-93.0
-99.0
-100.0
-101.0
-94.0
-96.0
-100.0
-95.0
-101.0
-96.0
-99.0
-99.0
-94.0
-101.0
-98.0
-97.0
-99.0
-92.0
-102.0
-96.0
-101.0
-101.0
-103.0
-99.0
-99.0
-101.0
-99.0
-98.0
-102.0
-103.0
-96.0
-97.0
-95.0
-93.0
-102.0
-102.0
-99.0
-101.0
-99.0
-103.0
-100.0
-98.0
-101.0
-99.0
-95.0
-103.0
-104.0
-102.0
-100.0
-98.0
-102.0
-103.0
-100.0
-97.0
-96.0
-99.0
-97.0
-102.0
-102.0
-97.0
-99.0
-103.0
-99.0
-100.0
-97.0
-98.0
-97.0
-95.0
-100.0
-102.0
-101.0
-102.0
-92.0
-102.0
-100.0
-97.0
-98.0
-102.0
-103.0
-102.0
-102.0
-103.0
-95.0
-101.0
-103.0
-89.0
-101.0
-100.0
-102.0
-101.0
-101.0
-102.0
-93.0
-104.0
-100.0
-105.0
-96.0
-93.0
-98.0
-97.0
-95.0
-97.0
-94.0
-90.0
-93.0
-92.0
-101.0
-97.0
-102.0
-94.0
-98.0
-100.0
-99.0
-96.0
-99.0
-94.0
-99.0
-103.0
-96.0
-99.0
-101.0
-103.0
-102.0
-101.0
-103.0
-100.0
-104.0
-96.0
-98.0
-101.0
-90.0
-96.0
-102.0
-93.0
-93.0
-100.0
-97.0
-98.0
-101.0
-100.0
-99.0
-98.0
-98.0
-97.0
-96.0
-97.0
-91.0
-90.0
-96.0
-88.0
-96.0
-92.0
-100.0
-98.0
-96.0
-100.0
-95.0
-105.0
-89.0
-98.0
-101.0
-99.0
-97.0
-95.0
-95.0
-89.0
-92.0
-100.0
-98.0
-101.0
-98.0
-99.0
-102.0
-97.0
-99.0
-92.0
-94.0
-102.0
-96.0
-102.0
-95.0
-103.0
-95.0
-95.0
-94.0
-102.0
-96.0
-101.0
-97.0
-90.0
-93.0
-101.0
-93.0
-102.0
-97.0
-97.0
-99.0
-101.0
-93.0
-102.0
-100.0
-102.0
-92.0
-99.0
-96.0
-90.0
-99.0
-103.0
-95.0
-100.0
-102.0
-102.0
-100.0
-99.0
-100.0
-96.0
-103.0
-99.0
-101.0
-100.0
-102.0
-94.0
-97.0
-98.0
-92.0
-104.0
-101.0
-99.0
-101.0
-92.0
-101.0
-96.0
-93.0
-91.0
-95.0
-96.0
-95.0
-87.0
-99.0
-103.0
-100.0
-101.0
-96.0
-104.0
-93.0
-93.0
-88.0
-101.0
-103.0
-93.0
-98.0
-101.0
-92.0
-99.0
-95.0
-91.0
-97.0
-99.0
-99.0
-94.0
-99.0
-93.0
-93.0
-101.0
-100.0
-103.0
-99.0
-93.0
-96.0
-90.0
-97.0
-101.0
-90.0
-96.0
-102.0
-96.0
-91.0
-102.0
-89.0
-102.0
-97.0
-93.0
-95.0
-102.0
-97.0
-102.0
-99.0
-96.0
-89.0
-103.0
-98.0
-94.0
-94.0
-98.0
-96.0
-93.0
-100.0
-102.0
-100.0
-96.0
-100.0
-102.0
-97.0
-104.0
-97.0
-97.0
-90.0
-98.0
-97.0
-94.0
-101.0
-90.0
-100.0
-96.0
-93.0
-100.0
-98.0
-97.0
-103.0
-99.0
-94.0
-103.0
-95.0
-102.0
-98.0
-95.0
-93.0
-96.0
-91.0
-89.0
-90.0
-92.0
-105.0
-92.0
-95.0
-95.0
-101.0
-96.0
-92.0
-102.0
-89.0
-91.0
-92.0
-89.0
-89.0
-103.0
-98.0
-94.0
-99.0
-97.0
-101.0
-91.0
-97.0
-95.0
-96.0
-92.0
-99.0
-100.0
-104.0
-97.0
-93.0
-102.0
-90.0
-89.0
-99.0
-98.0
-100.0
-95.0
-97.0
-94.0
-98.0
-89.0
-90.0
-97.0
-88.0
-96.0
-95.0
-92.0
-98.0
-96.0
-99.0
-102.0
-87.0
-94.0
-100.0
-89.0
-102.0
-102.0
-98.0
-93.0
-93.0
-95.0
-90.0
-93.0
-88.0
-99.0
-93.0
-97.0
-95.0
-96.0
-95.0
-96.0
-98.0
-100.0
-98.0
-96.0
-86.0
-102.0
-90.0
-94.0
-99.0
-100.0
-95.0
-94.0
-93.0
-101.0
-97.0
-90.0
-88.0
-90.0
-87.0
-93.0
-96.0
-98.0
-92.0
-87.0
-92.0
-90.0
-95.0
-90.0
-91.0
-92.0
-92.0
-92.0
-97.0
-93.0
-90.0
-98.0
-95.0
-97.0
-90.0
-85.0
-93.0
-92.0
-94.0
-104.0
-95.0
-100.0
-97.0
-98.0
-90.0
-100.0
-92.0
-96.0
-91.0
-97.0
-97.0
-101.0
-96.0
-95.0
-96.0
-95.0
-91.0
-93.0
-95.0
-96.0
-96.0
-96.0
-101.0
-98.0
-89.0
-101.0
-99.0
-89.0
-88.0
-92.0
-89.0
-98.0
-91.0
-95.0
-85.0
-92.0
-98.0
-92.0
-96.0
-98.0
-95.0
-102.0
-94.0
-100.0
-96.0
-98.0
-103.0
-96.0
-105.0
-96.0
-95.0
-103.0
-88.0
-96.0
-91.0
-89.0
-92.0
-90.0
-87.0
-93.0
-87.0
-95.0
-84.0
-91.0
-88.0
-91.0
-101.0
-90.0
-96.0
-98.0
-81.0
-99.0
-97.0
-93.0
-95.0
-95.0
-90.0
-94.0
-84.0
-96.0
-91.0
-100.0
-87.0
-88.0
-90.0
-98.0
-89.0
-95.0
-84.0
-97.0
-92.0
-81.0
-93.0
-94.0
-97.0
-92.0
-91.0
-90.0
-90.0
-102.0
-93.0
-95.0
-100.0
-94.0
-86.0
-95.0
-92.0
-92.0
-91.0
-98.0
-94.0
-92.0
-99.0
-96.0
-97.0
-98.0
-94.0
-87.0
-98.0
-95.0
-90.0
-88.0
-99.0
-81.0
-97.0
-88.0
-79.0
-95.0
-90.0
-92.0
-94.0
-86.0
-100.0
-95.0
-102.0
-101.0
-97.0
-88.0
-95.0
-91.0
-99.0
-94.0
-83.0
-92.0
-92.0
-91.0
-100.0
-91.0
-100.0
-91.0
-91.0
-94.0
-99.0
-100.0
-97.0
-86.0
-94.0
-87.0
-96.0
-94.0
-99.0
-93.0
-92.0
-93.0
-95.0
-91.0
-95.0
-94.0
-93.0
-83.0
-86.0
-92.0
-91.0
-89.0
-95.0
-89.0
-93.0
-85.0
-88.0
-87.0
-95.0
-91.0
-88.0
-93.0
-85.0
-92.0
-93.0
-93.0
-85.0
-88.0
-94.0
-95.0
-80.0
-94.0
-91.0
-85.0
-90.0
-88.0
-87.0
-87.0
-96.0
-82.0
-90.0
-90.0
-82.0
-94.0
-104.0
-93.0
-90.0
-99.0
-98.0
-87.0
-93.0
-103.0
-93.0
-96.0
-97.0
-96.0
-101.0
-93.0
-105.0
-92.0
-93.0
-88.0
-92.0
-95.0
-92.0
-98.0
-91.0
-97.0
-88.0
-87.0
-97.0
-92.0
-93.0
-90.0
-88.0
-85.0
-97.0
-90.0
-93.0
-97.0
-93.0
-88.0
-90.0
-95.0
-81.0
-89.0
-93.0
-91.0
-93.0
-90.0
-101.0
-102.0
-90.0
-86.0
-81.0
-87.0
-89.0
-87.0
-87.0
-92.0
-90.0
-87.0
-94.0
-86.0
-100.0
-86.0
-91.0
-91.0
-93.0
-91.0
-92.0
-78.0
-89.0
-92.0
-95.0
-97.0
-94.0
-104.0
-95.0
-93.0
-90.0
-86.0
-81.0
-92.0
-91.0
-84.0
-86.0
-84.0
-97.0
-92.0
-101.0
-95.0
-92.0
-101.0
-90.0
-87.0
-81.0
-88.0
-98.0
-94.0
-90.0
-82.0
-96.0
-89.0
-82.0
-89.0
-94.0
-88.0
-89.0
-94.0
-92.0
-88.0
-90.0
-88.0
-87.0
-90.0
-79.0
-94.0
-81.0
-98.0
-97.0
-90.0
-92.0
-87.0
-80.0
-86.0
-88.0
-93.0
-86.0
-97.0
-88.0
-97.0
-76.0
-92.0
-91.0
-85.0
-90.0
-90.0
-100.0
-95.0
-94.0
-88.0
-86.0
-90.0
-84.0
-87.0
-91.0
-92.0
-89.0
-88.0
-100.0
-93.0
-92.0
-86.0
-94.0
-90.0
-79.0
-94.0
-97.0
-99.0
-95.0
-75.0
-92.0
-96.0
-87.0
-94.0
-93.0
-92.0
-93.0
-75.0
-82.0
-98.0
-71.0
-88.0
-87.0
-92.0
-102.0
-79.0
-89.0
-95.0
-102.0
-101.0
-94.0
-87.0
-96.0
-87.0
-95.0
-77.0
-93.0
-99.0
-80.0
-84.0
-89.0
-86.0
-85.0
-88.0
-89.0
-96.0
-91.0
-92.0
-93.0
-75.0
-92.0
-88.0
-83.0
-89.0
-87.0
-86.0
-92.0
-98.0
-96.0
-86.0
-88.0
-95.0
-91.0
-99.0
-85.0
-95.0
-93.0
-80.0
-87.0
-95.0
-92.0
-75.0
-100.0
-98.0
-90.0
-91.0
-90.0
-89.0
-83.0
-87.0
-73.0
-90.0
-92.0
-81.0
-86.0
-85.0
-96.0
-88.0
-87.0
-92.0
-92.0
-84.0
-91.0
-93.0
-85.0
-92.0
-88.0
-102.0
-91.0
-96.0
-92.0
-80.0
-87.0
-75.0
-89.0
-85.0
-94.0
-95.0
-92.0
-96.0
-89.0
-92.0
-89.0
-87.0
-85.0
-95.0
-88.0
-94.0
-92.0
-86.0
-91.0
-100.0
-95.0
-86.0
-89.0
-89.0
-97.0
-93.0
-85.0
-93.0
-87.0
-65.0
-84.0
-93.0
-92.0
-89.0
-93.0
-86.0
-93.0
-92.0
-96.0
-80.0
-95.0
-93.0
-87.0
-87.0
-75.0
-88.0
-88.0
-90.0
-91.0
-89.0
-77.0
-93.0
-97.0
-91.0
-73.0
-91.0
-79.0
-86.0
-90.0
-89.0
-86.0
-70.0
-83.0
-80.0
-90.0
-84.0
-91.0
-81.0
-80.0
-80.0
-94.0
-89.0
-82.0
-79.0
-87.0
-86.0
-95.0
-89.0
-86.0
-90.0
-101.0
-92.0
-85.0
-91.0
-96.0
-90.0
-86.0
-88.0
-76.0
-89.0
-89.0
-77.0
-86.0
-81.0
-95.0
-102.0
-92.0
-83.0
-85.0
-89.0
-87.0
-87.0
-94.0
-85.0
-85.0
-85.0
-98.0
-76.0
-91.0
-81.0
-90.0
-97.0
-85.0
-83.0
-85.0
-88.0
-85.0
-89.0
-79.0
-88.0
-80.0
-97.0
-98.0
-90.0
-83.0
-95.0
-87.0
-87.0
-89.0
-89.0
-94.0
-93.0
-94.0
-93.0
-100.0
-80.0
-87.0
-80.0
-89.0
-96.0
-94.0
-96.0
-82.0
-83.0
-83.0
-88.0
-87.0
-60.0
-91.0
-93.0
-96.0
-84.0
-86.0
-90.0
-87.0
-94.0
-84.0
-98.0
-78.0
-88.0
-94.0
-88.0
-81.0
-90.0
-84.0
-90.0
-84.0
-82.0
-94.0
-83.0
-95.0
-93.0
-92.0
-97.0
-76.0
-93.0
-86.0
-85.0
-92.0
-88.0
-89.0
-94.0
-93.0
-77.0
-88.0
-91.0
-96.0
-100.0
-96.0
-93.0
-90.0
-98.0
-84.0
-90.0
-87.0
-98.0
-94.0
-91.0
-90.0
-86.0
-87.0
-90.0
-80.0
-71.0
-86.0
-78.0
-85.0
-89.0
-77.0
-83.0
-85.0
-89.0
-70.0
-96.0
-87.0
-83.0
-81.0
-92.0
-84.0
-95.0
-85.0
-84.0
-77.0
-98.0
-93.0
-75.0
-79.0
-88.0
-86.0
-74.0
-83.0
-94.0
-73.0
-87.0
-93.0
-79.0
-80.0
-80.0
-86.0
-91.0
-88.0
-85.0
-88.0
-84.0
-80.0
-91.0
-79.0
-96.0
-86.0
-65.0
-79.0
-87.0
-90.0
-83.0
-80.0
-87.0
-75.0
-86.0
-74.0
-92.0
-86.0
-83.0
-80.0
-86.0
-84.0
-83.0
-104.0
-94.0
-87.0
-88.0
-90.0
-81.0
-82.0
-89.0
-98.0
-74.0
-83.0
-84.0
-90.0
-82.0
-90.0
-81.0
-93.0
-82.0
-90.0
-94.0
-96.0
-91.0
-84.0
-81.0
-93.0
-84.0
-83.0
-90.0
-83.0
-77.0
-82.0
-82.0
-84.0
-87.0
-76.0
-85.0
-95.0
-79.0
-90.0
-85.0
-96.0
-86.0
-68.0
-96.0
-97.0
-87.0
-82.0
-89.0
-87.0
-83.0
-88.0
-87.0
-86.0
-82.0
-88.0
-79.0
-69.0
-73.0
-78.0
-91.0
-76.0
-73.0
-99.0
-83.0
-88.0
-93.0
-96.0
-88.0
-86.0
-99.0
-87.0
-85.0
-85.0
-83.0
-87.0
-80.0
-87.0
-85.0
-91.0
-72.0
-93.0
-92.0
-75.0
-92.0
-76.0
-88.0
-87.0
-83.0
-95.0
-92.0
-80.0
-88.0
-90.0
-76.0
-75.0
-74.0
-95.0
-72.0
-95.0
-76.0
-93.0
-95.0
-96.0
-82.0
-51.0
-80.0
-78.0
-89.0
-93.0
-96.0
-71.0
-66.0
-94.0
-86.0
-87.0
-92.0
-99.0
-76.0
-102.0
-80.0
-92.0
-72.0
-86.0
-80.0
-65.0
-80.0
-54.0
-80.0
-88.0
-86.0
-85.0
-69.0
-95.0
-89.0
-85.0
-71.0
-70.0
-73.0
-82.0
-88.0
-82.0
-93.0
-103.0
-90.0
-75.0
-89.0
-96.0
-87.0
-88.0
-76.0
-99.0
-71.0
-85.0
-91.0
-64.0
-68.0
-81.0
-82.0
-72.0
-88.0
-86.0
-75.0
-77.0
-65.0
-79.0
-80.0
-82.0
-82.0
-86.0
-93.0
-87.0
-85.0
-83.0
-84.0
-88.0
-91.0
-74.0
-83.0
-87.0
-65.0
-78.0
-101.0
-90.0
-70.0
-90.0
-85.0
-89.0
-79.0
-64.0
-75.0
-79.0
-81.0
-69.0
-70.0
-83.0
-95.0
-82.0
-76.0
-67.0
-94.0
-71.0
-54.0
-79.0
-89.0
-91.0
-87.0
-78.0
-96.0
-87.0
-91.0
-95.0
-93.0
-70.0
-75.0
-89.0
-84.0
-84.0
-82.0
-69.0
-79.0
-74.0
-79.0
-88.0
-59.0
-84.0
-98.0
-90.0
-89.0
-80.0
-74.0
-89.0
-88.0
-78.0
-64.0
-88.0
-73.0
-66.0
-95.0
-87.0
-90.0
-87.0
-74.0
-84.0
-81.0
-65.0
-82.0
-91.0
-88.0
-82.0
-79.0
-70.0
-87.0
-88.0
-92.0
-78.0
-92.0
-78.0
-71.0
-79.0
-89.0
-73.0
-66.0
-77.0
-83.0
-70.0
-89.0
-67.0
-82.0
-71.0
-84.0
-96.0
-64.0
-90.0
-83.0
-69.0
-75.0
-83.0
-82.0
-75.0
-74.0
-86.0
-86.0
-79.0
-87.0
-72.0
-71.0
-82.0
-86.0
-73.0
-89.0
-84.0
-88.0
-80.0
-92.0
-78.0
-79.0
-92.0
-83.0
-70.0
-71.0
-68.0
-85.0
-77.0
-77.0
-60.0
-83.0
-56.0
-79.0
-75.0
-85.0
-72.0
-78.0
-80.0
-81.0
-60.0
-65.0
-82.0
-65.0
-81.0
-63.0
-89.0
-58.0
-87.0
-75.0
-80.0
-77.0
-81.0
-72.0
-75.0
-71.0
-84.0
-67.0
-91.0
-81.0
-74.0
-84.0
-69.0
-84.0
-84.0
-69.0
-99.0
-72.0
-66.0
-67.0
-78.0
-63.0
-81.0
-67.0
-92.0
-69.0
-71.0
-60.0
-77.0
-90.0
-75.0
-57.0
-59.0
-65.0
-73.0
-65.0
-75.0
-57.0
-70.0
-74.0
-73.0
-71.0
-76.0
-88.0
-70.0
-80.0
-87.0
-64.0
-57.0
-91.0
-68.0
-76.0
-62.0
-80.0
-68.0
-64.0
-67.0
-74.0
-78.0
-64.0
-94.0
-81.0
-73.0
-80.0
-93.0
-57.0
-52.0
-60.0
-69.0
-64.0
-69.0
-78.0
-94.0
-66.0
-87.0
-74.0
-86.0
-83.0
-90.0
-80.0
-89.0
-57.0
-56.0
-72.0
-72.0
-74.0
-91.0
-38.0
-87.0
-52.0
-71.0
-72.0
-69.0
-89.0
-66.0
-76.0
-98.0
-70.0
-77.0
-62.0
-80.0
-56.0
-72.0
-80.0
-85.0
-75.0
-70.0
-90.0
-75.0
-87.0
-81.0
-71.0
-74.0
-81.0
-75.0
-65.0
-68.0
-67.0
-83.0
-74.0
-42.0
-79.0
-67.0
-61.0
-87.0
-57.0
-70.0
-72.0
-67.0
-88.0
-75.0
-93.0
-51.0
-84.0
-68.0
-63.0
-88.0
-82.0
-65.0
-81.0
-66.0
-71.0
-64.0
-69.0
-61.0
-92.0
-92.0
-72.0
-69.0
-63.0
-67.0
-88.0
-84.0
-97.0
-80.0
-56.0
-80.0
-72.0
-68.0
-74.0
-83.0
-64.0
-51.0
-69.0
-78.0
-72.0
-62.0
-62.0
-98.0
-77.0
-69.0
-66.0
-74.0
-66.0
-58.0
-54.0
-67.0
-74.0
-72.0
-72.0
-70.0
-68.0
-74.0
-70.0
-53.0
-82.0
-67.0
-43.0
-63.0
-69.0
-77.0
-74.0
-76.0
-73.0
-79.0
-73.0
-82.0
-71.0
-72.0
-76.0
-41.0
-65.0
-61.0
-76.0
-67.0
-67.0
-78.0
-79.0
-74.0
-76.0
-88.0
-39.0
-65.0
-51.0
-72.0
-73.0
-70.0
-67.0
-75.0
-73.0
-73.0
-72.0
-72.0
-73.0
-54.0
-77.0
-72.0
-65.0
-57.0
-75.0
-85.0
-72.0
-71.0
-56.0
-81.0
-60.0
-73.0
-68.0
-86.0
-73.0
-57.0
-85.0
-94.0
-68.0
-95.0
-55.0
-62.0
-62.0
-70.0
-90.0
-77.0
-77.0
-58.0
-53.0
-83.0
-65.0
-85.0
-75.0
-77.0
-72.0
-48.0
-84.0
-87.0
-90.0
-74.0
-91.0
-76.0
-59.0
-69.0
-73.0
-76.0
-66.0
-68.0
-64.0
-38.0
-66.0
-84.0
-71.0
-84.0
-76.0
-70.0
-71.0
-71.0
-74.0
-81.0
-81.0
-77.0
-70.0
-76.0
-75.0
-76.0
-78.0
-79.0
-62.0
-64.0
-62.0
-73.0
-67.0
-46.0
-83.0
-67.0
-65.0
-63.0
-68.0
-86.0
-75.0
-72.0
-63.0
-81.0
-73.0
-76.0
-69.0
-64.0
-73.0
-79.0
-68.0
-73.0
-61.0
-81.0
-53.0
-68.0
-63.0
-69.0
-67.0
-72.0
-78.0
-56.0
-70.0
-71.0
-26.0
-66.0
-50.0
-59.0
-68.0
-71.0
-62.0
-83.0
-78.0
-52.0
-80.0
-68.0
-59.0
-63.0
-63.0
-69.0
-63.0
-73.0
-70.0
-68.0
-72.0
-60.0
-35.0
-96.0
-64.0
-64.0
-75.0
-70.0
-65.0
-76.0
-63.0
-72.0
-75.0
-64.0
-76.0
-69.0
-55.0
-71.0
-62.0
-66.0
-71.0
-66.0
-77.0
-82.0
-76.0
-49.0
-81.0
-69.0
-67.0
-42.0
-68.0
-50.0
-62.0
-62.0
-23.0
-76.0
-32.0
-67.0
-70.0
-62.0
-46.0
-80.0
-60.0
-60.0
-61.0
-73.0
-81.0
-75.0
-66.0
-71.0
-56.0
-90.0
-54.0
-68.0
-68.0
-42.0
-70.0
-63.0
-63.0
-69.0
-52.0
-70.0
-71.0
-75.0
-70.0
-58.0
-67.0
-51.0
-58.0
-57.0
-77.0
-45.0
-66.0
-58.0
-76.0
-69.0
-72.0
-76.0
-63.0
-65.0
-68.0
-64.0
-63.0
-73.0
-55.0
-63.0
-89.0
-74.0
-69.0
-59.0
-72.0
-74.0
-22.0
-65.0
-36.0
-75.0
-65.0
-49.0
-54.0
-71.0
-55.0
-66.0
-66.0
-36.0
-46.0
-64.0
-72.0
-75.0
-77.0
-70.0
-39.0
-50.0
-71.0
-57.0
-77.0
-70.0
-28.0
-56.0
-66.0
-68.0
-56.0
-50.0
-81.0
-27.0
-60.0
-70.0
-54.0
14.0
-67.0
-69.0
-60.0
-69.0
-47.0
-51.0
-45.0
-68.0
-78.0
-76.0
-45.0
-58.0
-45.0
-66.0
-48.0
-61.0
-49.0
-71.0
-69.0
-44.0
-62.0
-57.0
-69.0
-75.0
-57.0
-49.0
-65.0
-67.0
-60.0
-69.0
-66.0
-54.0
-48.0
-59.0
-63.0
-53.0
-65.0
-33.0
-61.0
19.0
-30.0
-50.0
-61.0
-58.0
-64.0
-50.0
-60.0
-63.0
-62.0
-62.0
-52.0
-26.0
-56.0
-47.0
-64.0
-72.0
-60.0
-35.0
-54.0
-51.0
-59.0
-56.0
-60.0
-36.0
-55.0
-80.0
-49.0
-65.0
-64.0
-62.0
-53.0
-42.0
-60.0
-72.0
-82.0
-53.0
-52.0
-38.0
-52.0
-59.0
-73.0
-71.0
-40.0
-69.0
-62.0
-62.0
-63.0
-41.0
-11.0
-64.0
-56.0
-59.0
-43.0
-55.0
-60.0
-73.0
-35.0
-43.0
-26.0
-42.0
-47.0
-20.0
-24.0
-48.0
-51.0
-55.0
-31.0
-59.0
-43.0
-51.0
-64.0
-51.0
-38.0
-61.0
-45.0
-34.0
-63.0
-76.0
-35.0
-62.0
-50.0
-35.0
-59.0
-39.0
-52.0
-52.0
6.0
-45.0
-44.0
-72.0
-59.0
-55.0
-71.0
-44.0
-44.0
-30.0
-39.0
-39.0
-73.0
-54.0
-62.0
-46.0
-56.0
-42.0
-44.0
-54.0
-25.0
-41.0
-34.0
-43.0
-71.0
-10.0
-59.0
-47.0
-76.0
-54.0
-27.0
-64.0
-42.0
-51.0
-50.0
-73.0
-19.0
-70.0
-67.0
-37.0
-24.0
-53.0
-16.0
-39.0
-43.0
-54.0
-66.0
-67.0
-29.0
-61.0
-57.0
-87.0
-65.0
-56.0
-13.0
-53.0
-38.0
-33.0
-66.0
-65.0
-21.0
-21.0
-49.0
-44.0
-51.0
-53.0
-33.0
-40.0
-56.0
-50.0
-41.0
-35.0
5.0
-55.0
-36.0
-58.0
-64.0
-41.0
-57.0
-33.0
-27.0
-64.0
-30.0
-10.0
-47.0
-44.0
-38.0
-21.0
-75.0
-41.0
-46.0
52.0
-54.0
-18.0
-33.0
-15.0
-32.0
-31.0
-40.0
-35.0
-38.0
-51.0
-27.0
-26.0
-35.0
-4.0
-46.0
-31.0
-22.0
-65.0
-39.0
-4.0
-27.0
-40.0
-43.0
-28.0
-51.0
-63.0
-33.0
-32.0
4.0
-60.0
-36.0
-35.0
-50.0
-34.0
-41.0
-72.0
-47.0
-8.0
6.0
-37.0
3.0
-44.0
-36.0
-42.0
-39.0
28.0
-17.0
-8.0
-39.0
-48.0
-41.0
-38.0
-32.0
-11.0
-11.0
-32.0
-29.0
0.0
-53.0
-26.0
-31.0
-18.0
-14.0
-19.0
-24.0
-38.0
-26.0
-53.0
-45.0
-27.0
41.0
-49.0
-33.0
-78.0
-44.0
-37.0
-52.0
-34.0
-18.0
-21.0
-38.0
-43.0
-38.0
-12.0
-33.0
5.0
-27.0
-45.0
-40.0
-42.0
-8.0
-42.0
-10.0
-33.0
-15.0
-59.0
-8.0
1.0
-23.0
-28.0
-47.0
-15.0
-45.0
-30.0
-33.0
-22.0
17.0
-27.0
-45.0
-54.0
-5.0
-1.0
-8.0
-22.0
31.0
-42.0
-36.0
0.0
-50.0
-45.0
8.0
-49.0
38.0
-35.0
-18.0
-24.0
-27.0
-23.0
-29.0
-8.0
-32.0
-18.0
-31.0
-21.0
-19.0
-32.0
-35.0
-17.0
-28.0
-37.0
2.0
3.0
28.0
-12.0
-23.0
-15.0
-3.0
16.0
-22.0
17.0
-24.0
-18.0
-25.0
-23.0
-5.0
0.0
-40.0
-36.0
-47.0
-29.0
23.0
-33.0
38.0
-16.0
-2.0
-6.0
10.0
-89.0
-24.0
-47.0
-44.0
20.0
5.0
-19.0
-22.0
-25.0
31.0
-8.0
13.0
-31.0
4.0
15.0
25.0
-32.0
-25.0
11.0
-29.0
47.0
-36.0
-7.0
12.0
15.0
-29.0
-40.0
-4.0
-8.0
31.0
-36.0
11.0
11.0
-22.0
-41.0
-45.0
-5.0
-1.0
-21.0
24.0
25.0
-85.0
15.0
-30.0
-7.0
-10.0
22.0
-3.0
56.0
8.0
-39.0
16.0
-14.0
26.0
14.0
10.0
2.0
-8.0
-2.0
-3.0
-15.0
-20.0
6.0
-28.0
33.0
0.0
-38.0
35.0
-1.0
-6.0
-4.0
-31.0
-17.0
-10.0
4.0
57.0
-21.0
-30.0
-9.0
-18.0
-20.0
-9.0
-11.0
0.0
-61.0
33.0
-2.0
-23.0
37.0
0.0
5.0
50.0
23.0
-31.0
-25.0
-17.0
42.0
38.0
29.0
41.0
-13.0
5.0
54.0
29.0
22.0
25.0
25.0
27.0
23.0
25.0
38.0
-29.0
-2.0
-15.0
4.0
17.0
70.0
20.0
-12.0
17.0
94.0
-7.0
42.0
-2.0
-15.0
-2.0
2.0
30.0
-4.0
-18.0
5.0
88.0
53.0
34.0
10.0
-28.0
6.0
52.0
-3.0
-80.0
13.0
6.0
3.0
-23.0
35.0
48.0
-8.0
-64.0
3.0
20.0
84.0
-10.0
55.0
23.0
8.0
58.0
108.0
33.0
16.0
12.0
46.0
62.0
98.0
-15.0
-18.0
-28.0
84.0
29.0
110.0
-30.0
75.0
110.0
-1.0
56.0
11.0
18.0
4.0
140.0
44.0
-20.0
38.0
57.0
63.0
55.0
48.0
155.0
-44.0
59.0
87.0
-63.0
74.0
110.0
-72.0
-9.0
27.0
82.0
97.0
13.0
140.0
36.0
99.0
44.0
29.0
111.0
41.0
121.0
41.0
9.0
39.0
39.0
163.0
57.0
158.0
160.0
54.0
140.0
87.0
107.0
133.0
66.0
81.0
64.0
134.0
63.0
96.0
162.0
83.0
68.0
144.0
107.0
141.0
30.0
92.0
39.0
73.0
148.0
-55.0
86.0
162.0
26.0
160.0
95.0
151.0
159.0
136.0
76.0
167.0
180.0
4.0
27.0
91.0
163.0
54.0
170.0
208.0
137.0
101.0
154.0
49.0
190.0
183.0
167.0
84.0
93.0
179.0
183.0
99.0
173.0
43.0
168.0
105.0
118.0
206.0
189.0
176.0
190.0
164.0
167.0
157.0
187.0
151.0
200.0
160.0
145.0
149.0
172.0
162.0
173.0
168.0
140.0
165.0
181.0
152.0
166.0
175.0
141.0
183.0
154.0
151.0
140.0
151.0
168.0
133.0
166.0
172.0
172.0
191.0
164.0
201.0
105.0
187.0
168.0
178.0
200.0
196.0
168.0
209.0
197.0
184.0
175.0
154.0
184.0
180.0
197.0
184.0
172.0
132.0
211.0
167.0
206.0
188.0
148.0
153.0
115.0
160.0
171.0
151.0
217.0
180.0
196.0
176.0
193.0
215.0
181.0
191.0
159.0
111.0
167.0
174.0
177.0
184.0
214.0
221.0
183.0
185.0
171.0
175.0
177.0
187.0
179.0
159.0
206.0
154.0
193.0
195.0
25.0
196.0
177.0
117.0
167.0
170.0
184.0
162.0
191.0
173.0
156.0
162.0
158.0
168.0
167.0
166.0
169.0
209.0
165.0
186.0
195.0
166.0
122.0
183.0
159.0
148.0
159.0
193.0
179.0
33.0
174.0
126.0
123.0
174.0
167.0
152.0
175.0
178.0
193.0
164.0
185.0
169.0
172.0
138.0
194.0
185.0
198.0
184.0
164.0
139.0
172.0
169.0
179.0
215.0
167.0
154.0
167.0
169.0
129.0
177.0
154.0
180.0
172.0
159.0
156.0
61.0
162.0
140.0
139.0
120.0
113.0
145.0
185.0
177.0
158.0
166.0
178.0
177.0
178.0
141.0
161.0
173.0
194.0
169.0
143.0
162.0
202.0
157.0
109.0
125.0
161.0
148.0
146.0
153.0
156.0
178.0
149.0
169.0
100.0
137.0
139.0
132.0
232.0
125.0
139.0
177.0
143.0
174.0
167.0
168.0
179.0
143.0
119.0
102.0
180.0
146.0
168.0
150.0
129.0
183.0
145.0
147.0
143.0
173.0
110.0
143.0
154.0
137.0
179.0
154.0
148.0
178.0
132.0
188.0
214.0
149.0
156.0
148.0
176.0
169.0
176.0
142.0
137.0
188.0
153.0
147.0
130.0
152.0
153.0
164.0
119.0
158.0
147.0
164.0
117.0
122.0
161.0
102.0
142.0
183.0
135.0
178.0
129.0
158.0
153.0
133.0
143.0
153.0
175.0
25.0
104.0
142.0
146.0
180.0
141.0
141.0
150.0
131.0
145.0
120.0
131.0
172.0
112.0
159.0
134.0
143.0
140.0
152.0
143.0
123.0
117.0
191.0
186.0
166.0
137.0
156.0
161.0
141.0
183.0
139.0
175.0
135.0
151.0
170.0
141.0
154.0
124.0
170.0
141.0
150.0
187.0
156.0
143.0
172.0
170.0
149.0
210.0
136.0
139.0
125.0
177.0
144.0
154.0
144.0
193.0
125.0
174.0
126.0
162.0
153.0
168.0
157.0
147.0
124.0
139.0
159.0
131.0
154.0
103.0
161.0
173.0
133.0
145.0
186.0
143.0
160.0
134.0
133.0
131.0
142.0
187.0
126.0
129.0
169.0
126.0
176.0
139.0
157.0
197.0
158.0
152.0
99.0
148.0
-107.0
125.0
156.0
183.0
152.0
169.0
178.0
128.0
168.0
170.0
138.0
150.0
151.0
187.0
153.0
159.0
160.0
181.0
164.0
151.0
147.0
140.0
171.0
167.0
143.0
113.0
182.0
143.0
122.0
163.0
129.0
159.0
170.0
153.0
144.0
158.0
143.0
155.0
132.0
128.0
153.0
120.0
111.0
135.0
182.0
167.0
155.0
161.0
178.0
202.0
125.0
150.0
159.0
147.0
156.0
-7.0
126.0
141.0
167.0
162.0
129.0
154.0
153.0
117.0
173.0
167.0
182.0
141.0
179.0
143.0
144.0
107.0
150.0
107.0
-71.0
166.0
185.0
121.0
-72.0
141.0
178.0
148.0
139.0
166.0
152.0
154.0
150.0
156.0
143.0
155.0
127.0
125.0
170.0
161.0
139.0
184.0
154.0
177.0
147.0
152.0
138.0
162.0
91.0
121.0
112.0
145.0
153.0
133.0
152.0
152.0
196.0
181.0
144.0
151.0
186.0
158.0
163.0
159.0
-107.0
-83.0
144.0
172.0
68.0
132.0
139.0
-107.0
130.0
133.0
30.0
178.0
160.0
175.0
118.0
139.0
165.0
138.0
151.0
146.0
136.0
129.0
135.0
148.0
131.0
158.0
139.0
117.0
156.0
134.0
139.0
155.0
162.0
129.0
174.0
155.0
136.0
177.0
164.0
170.0
161.0
170.0
173.0
124.0
146.0
171.0
189.0
133.0
158.0
140.0
138.0
142.0
82.0
140.0
136.0
128.0
201.0
156.0
146.0
158.0
160.0
104.0
117.0
148.0
-108.0
146.0
131.0
152.0
137.0
195.0
163.0
136.0
146.0
122.0
138.0
165.0
128.0
129.0
150.0
185.0
146.0
150.0
143.0
125.0
133.0
130.0
154.0
162.0
144.0
140.0
113.0
143.0
153.0
144.0
149.0
157.0
139.0
129.0
159.0
123.0
164.0
151.0
141.0
145.0
167.0
178.0
146.0
132.0
144.0
179.0
134.0
143.0
137.0
104.0
139.0
173.0
135.0
165.0
159.0
143.0
153.0
141.0
137.0
133.0
108.0
164.0
152.0
145.0
141.0
91.0
133.0
144.0
159.0
156.0
129.0
106.0
151.0
98.0
111.0
129.0
127.0
140.0
127.0
155.0
132.0
138.0
129.0
181.0
81.0
81.0
17.0
148.0
137.0
153.0
131.0
184.0
48.0
157.0
154.0
143.0
193.0
126.0
152.0
168.0
170.0
170.0
143.0
110.0
146.0
146.0
184.0
126.0
146.0
103.0
119.0
183.0
185.0
160.0
146.0
-88.0
158.0
168.0
159.0
150.0
188.0
141.0
158.0
145.0
180.0
126.0
135.0
156.0
161.0
189.0
167.0
160.0
118.0
155.0
171.0
153.0
157.0
63.0
210.0
126.0
114.0
117.0
149.0
127.0
108.0
152.0
131.0
156.0
169.0
135.0
143.0
135.0
132.0
146.0
164.0
97.0
138.0
123.0
162.0
124.0
198.0
162.0
173.0
157.0
51.0
153.0
140.0
141.0
55.0
161.0
181.0
140.0
172.0
175.0
163.0
146.0
161.0
144.0
159.0
165.0
102.0
139.0
176.0
175.0
167.0
158.0
148.0
141.0
152.0
149.0
126.0
141.0
158.0
186.0
138.0
147.0
118.0
122.0
165.0
97.0
173.0
143.0
166.0
133.0
140.0
160.0
171.0
134.0
167.0
168.0
162.0
165.0
132.0
161.0
186.0
111.0
193.0
187.0
136.0
141.0
140.0
186.0
132.0
-105.0
118.0
168.0
145.0
28.0
120.0
130.0
186.0
163.0
147.0
168.0
126.0
147.0
148.0
163.0
146.0
110.0
151.0
167.0
175.0
162.0
129.0
166.0
61.0
163.0
133.0
125.0
141.0
163.0
138.0
30.0
160.0
174.0
121.0
155.0
128.0
159.0
128.0
134.0
181.0
114.0
119.0
176.0
169.0
134.0
65.0
161.0
124.0
150.0
169.0
173.0
124.0
-106.0
172.0
155.0
125.0
159.0
150.0
167.0
187.0
132.0
173.0
140.0
158.0
178.0
196.0
179.0
166.0
144.0
161.0
153.0
129.0
113.0
-30.0
156.0
148.0
141.0
139.0
220.0
168.0
112.0
157.0
160.0
164.0
135.0
161.0
138.0
161.0
120.0
143.0
181.0
137.0
163.0
154.0
131.0
192.0
145.0
159.0
146.0
186.0
124.0
187.0
178.0
152.0
159.0
182.0
164.0
207.0
148.0
169.0
169.0
215.0
161.0
161.0
183.0
172.0
176.0
148.0
132.0
129.0
145.0
159.0
193.0
146.0
101.0
137.0
159.0
137.0
138.0
153.0
162.0
154.0
133.0
185.0
131.0
175.0
154.0
142.0
132.0
154.0
147.0
153.0
145.0
157.0
143.0
174.0
175.0
138.0
171.0
150.0
189.0
131.0
151.0
145.0
158.0
176.0
185.0
49.0
121.0
149.0
160.0
159.0
153.0
175.0
165.0
163.0
201.0
163.0
144.0
171.0
